<?xml version="1.0" encoding="UTF-8"?>
<!-- Generated by org.testng.reporters.JUnitReportReporter -->
<testsuite hostname="BADBOY" failures="0" tests="1" name="Yaml.Test01" time="0.006" errors="0" timestamp="2022-03-09T11:13:05 IST" skipped="0">
  <testcase classname="Yaml.Test01" name="printData" time="0.006"/>
  <system-out/>
</testsuite> <!-- Yaml.Test01 -->
