<?xml version="1.0" encoding="UTF-8"?>
<!-- Generated by org.testng.reporters.JUnitReportReporter -->
<testsuite hostname="BADBOY" failures="0" tests="1" name="JSONWriting.JsonWrite" time="0.010" errors="0" timestamp="2022-03-10T14:37:34 IST" skipped="0">
  <testcase classname="JSONWriting.JsonWrite" name="writedata" time="0.010"/>
  <system-out/>
</testsuite> <!-- JSONWriting.JsonWrite -->
